# JRE version: OpenJDK Runtime Environment (8.0_242-b01) (build 1.8.0_242-release-1644-b01)
# Java VM: OpenJDK 64-Bit Server VM (25.242-b01 mixed mode windows-amd64 compressed oops)
Heap:
 PSYoungGen      total 442880K, used 371688K [0x00000000e0000000, 0x00000000fde00000, 0x0000000100000000)
  eden space 396288K, 88% used [0x00000000e0000000,0x00000000f54a1bc0,0x00000000f8300000)
  from space 46592K, 49% used [0x00000000f8300000,0x00000000f9958498,0x00000000fb080000)
  to   space 46080K, 0% used [0x00000000fb100000,0x00000000fb100000,0x00000000fde00000)
 ParOldGen       total 292864K, used 77176K [0x00000000a0000000, 0x00000000b1e00000, 0x00000000e0000000)
  object space 292864K, 26% used [0x00000000a0000000,0x00000000a4b5e010,0x00000000b1e00000)
 Metaspace       used 116891K, capacity 122138K, committed 122280K, reserved 1155072K
  class space    used 15088K, capacity 16228K, committed 16304K, reserved 1048576K
GC Heap History (10 events):
Event: 770.181 GC heap before
{Heap before GC invocations=25 (full 3):
 PSYoungGen      total 316416K, used 316395K [0x00000000e0000000, 0x00000000f8700000, 0x0000000100000000)
  eden space 290304K, 100% used [0x00000000e0000000,0x00000000f1b80000,0x00000000f1b80000)
  from space 26112K, 99% used [0x00000000f1b80000,0x00000000f34fadf0,0x00000000f3500000)
  to   space 33280K, 0% used [0x00000000f6680000,0x00000000f6680000,0x00000000f8700000)
 ParOldGen       total 210432K, used 48437K [0x00000000a0000000, 0x00000000acd80000, 0x00000000e0000000)
  object space 210432K, 23% used [0x00000000a0000000,0x00000000a2f4d780,0x00000000acd80000)
 Metaspace       used 87037K, capacity 90860K, committed 91056K, reserved 1128448K
  class space    used 11231K, capacity 12094K, committed 12208K, reserved 1048576K
Event: 770.236 GC heap after
Heap after GC invocations=25 (full 3):
 PSYoungGen      total 352256K, used 33252K [0x00000000e0000000, 0x00000000f9d00000, 0x0000000100000000)
  eden space 318976K, 0% used [0x00000000e0000000,0x00000000e0000000,0x00000000f3780000)
  from space 33280K, 99% used [0x00000000f6680000,0x00000000f86f9280,0x00000000f8700000)
  to   space 48128K, 0% used [0x00000000f3780000,0x00000000f3780000,0x00000000f6680000)
 ParOldGen       total 210432K, used 72263K [0x00000000a0000000, 0x00000000acd80000, 0x00000000e0000000)
  object space 210432K, 34% used [0x00000000a0000000,0x00000000a4691de8,0x00000000acd80000)
 Metaspace       used 87037K, capacity 90860K, committed 91056K, reserved 1128448K
  class space    used 11231K, capacity 12094K, committed 12208K, reserved 1048576K
}
Event: 771.263 GC heap before
{Heap before GC invocations=26 (full 3):
 PSYoungGen      total 352256K, used 139233K [0x00000000e0000000, 0x00000000f9d00000, 0x0000000100000000)
  eden space 318976K, 33% used [0x00000000e0000000,0x00000000e677f2a0,0x00000000f3780000)
  from space 33280K, 99% used [0x00000000f6680000,0x00000000f86f9280,0x00000000f8700000)
  to   space 48128K, 0% used [0x00000000f3780000,0x00000000f3780000,0x00000000f6680000)
 ParOldGen       total 210432K, used 72263K [0x00000000a0000000, 0x00000000acd80000, 0x00000000e0000000)
  object space 210432K, 34% used [0x00000000a0000000,0x00000000a4691de8,0x00000000acd80000)
 Metaspace       used 94500K, capacity 98496K, committed 98600K, reserved 1134592K
  class space    used 12147K, capacity 13079K, committed 13104K, reserved 1048576K
Event: 771.305 GC heap after
Heap after GC invocations=26 (full 3):
 PSYoungGen      total 367104K, used 24615K [0x00000000e0000000, 0x00000000fdf80000, 0x0000000100000000)
  eden space 318976K, 0% used [0x00000000e0000000,0x00000000e0000000,0x00000000f3780000)
  from space 48128K, 51% used [0x00000000f3780000,0x00000000f4f89c60,0x00000000f6680000)
  to   space 47616K, 0% used [0x00000000fb100000,0x00000000fb100000,0x00000000fdf80000)
 ParOldGen       total 210432K, used 90197K [0x00000000a0000000, 0x00000000acd80000, 0x00000000e0000000)
  object space 210432K, 42% used [0x00000000a0000000,0x00000000a5815400,0x00000000acd80000)
 Metaspace       used 94500K, capacity 98496K, committed 98600K, reserved 1134592K
  class space    used 12147K, capacity 13079K, committed 13104K, reserved 1048576K
}
Event: 771.306 GC heap before
{Heap before GC invocations=27 (full 4):
 PSYoungGen      total 367104K, used 24615K [0x00000000e0000000, 0x00000000fdf80000, 0x0000000100000000)
  eden space 318976K, 0% used [0x00000000e0000000,0x00000000e0000000,0x00000000f3780000)
  from space 48128K, 51% used [0x00000000f3780000,0x00000000f4f89c60,0x00000000f6680000)
  to   space 47616K, 0% used [0x00000000fb100000,0x00000000fb100000,0x00000000fdf80000)
 ParOldGen       total 210432K, used 90197K [0x00000000a0000000, 0x00000000acd80000, 0x00000000e0000000)
  object space 210432K, 42% used [0x00000000a0000000,0x00000000a5815400,0x00000000acd80000)
 Metaspace       used 94500K, capacity 98496K, committed 98600K, reserved 1134592K
  class space    used 12147K, capacity 13079K, committed 13104K, reserved 1048576K
Event: 771.540 GC heap after
Heap after GC invocations=27 (full 4):
 PSYoungGen      total 367104K, used 0K [0x00000000e0000000, 0x00000000fdf80000, 0x0000000100000000)
  eden space 318976K, 0% used [0x00000000e0000000,0x00000000e0000000,0x00000000f3780000)
  from space 48128K, 0% used [0x00000000f3780000,0x00000000f3780000,0x00000000f6680000)
  to   space 47616K, 0% used [0x00000000fb100000,0x00000000fb100000,0x00000000fdf80000)
 ParOldGen       total 292864K, used 65284K [0x00000000a0000000, 0x00000000b1e00000, 0x00000000e0000000)
  object space 292864K, 22% used [0x00000000a0000000,0x00000000a3fc11b0,0x00000000b1e00000)
 Metaspace       used 94395K, capacity 98212K, committed 98600K, reserved 1134592K
  class space    used 12113K, capacity 13019K, committed 13104K, reserved 1048576K
}
Event: 790.247 GC heap before
{Heap before GC invocations=28 (full 4):
 PSYoungGen      total 367104K, used 318976K [0x00000000e0000000, 0x00000000fdf80000, 0x0000000100000000)
  eden space 318976K, 100% used [0x00000000e0000000,0x00000000f3780000,0x00000000f3780000)
  from space 48128K, 0% used [0x00000000f3780000,0x00000000f3780000,0x00000000f6680000)
  to   space 47616K, 0% used [0x00000000fb100000,0x00000000fb100000,0x00000000fdf80000)
 ParOldGen       total 292864K, used 65284K [0x00000000a0000000, 0x00000000b1e00000, 0x00000000e0000000)
  object space 292864K, 22% used [0x00000000a0000000,0x00000000a3fc11b0,0x00000000b1e00000)
 Metaspace       used 103921K, capacity 108150K, committed 108456K, reserved 1142784K
  class space    used 13461K, capacity 14450K, committed 14512K, reserved 1048576K
Event: 790.272 GC heap after
Heap after GC invocations=28 (full 4):
 PSYoungGen      total 442368K, used 21424K [0x00000000e0000000, 0x00000000fde00000, 0x0000000100000000)
  eden space 396288K, 0% used [0x00000000e0000000,0x00000000e0000000,0x00000000f8300000)
  from space 46080K, 46% used [0x00000000fb100000,0x00000000fc5ec2c0,0x00000000fde00000)
  to   space 46592K, 0% used [0x00000000f8300000,0x00000000f8300000,0x00000000fb080000)
 ParOldGen       total 292864K, used 65292K [0x00000000a0000000, 0x00000000b1e00000, 0x00000000e0000000)
  object space 292864K, 22% used [0x00000000a0000000,0x00000000a3fc31b0,0x00000000b1e00000)
 Metaspace       used 103921K, capacity 108150K, committed 108456K, reserved 1142784K
  class space    used 13461K, capacity 14450K, committed 14512K, reserved 1048576K
}
Event: 802.084 GC heap before
{Heap before GC invocations=29 (full 4):
 PSYoungGen      total 442368K, used 417712K [0x00000000e0000000, 0x00000000fde00000, 0x0000000100000000)
  eden space 396288K, 100% used [0x00000000e0000000,0x00000000f8300000,0x00000000f8300000)
  from space 46080K, 46% used [0x00000000fb100000,0x00000000fc5ec2c0,0x00000000fde00000)
  to   space 46592K, 0% used [0x00000000f8300000,0x00000000f8300000,0x00000000fb080000)
 ParOldGen       total 292864K, used 65292K [0x00000000a0000000, 0x00000000b1e00000, 0x00000000e0000000)
  object space 292864K, 22% used [0x00000000a0000000,0x00000000a3fc31b0,0x00000000b1e00000)
 Metaspace       used 114760K, capacity 119628K, committed 119976K, reserved 1153024K
  class space    used 14879K, capacity 15945K, committed 16048K, reserved 1048576K
Event: 802.147 GC heap after
Heap after GC invocations=29 (full 4):
 PSYoungGen      total 442880K, used 22881K [0x00000000e0000000, 0x00000000fde00000, 0x0000000100000000)
  eden space 396288K, 0% used [0x00000000e0000000,0x00000000e0000000,0x00000000f8300000)
  from space 46592K, 49% used [0x00000000f8300000,0x00000000f9958498,0x00000000fb080000)
  to   space 46080K, 0% used [0x00000000fb100000,0x00000000fb100000,0x00000000fde00000)
 ParOldGen       total 292864K, used 77176K [0x00000000a0000000, 0x00000000b1e00000, 0x00000000e0000000)
  object space 292864K, 26% used [0x00000000a0000000,0x00000000a4b5e010,0x00000000b1e00000)
 Metaspace       used 114760K, capacity 119628K, committed 119976K, reserved 1153024K
  class space    used 14879K, capacity 15945K, committed 16048K, reserved 1048576K
}

