# JRE version: OpenJDK Runtime Environment (8.0_242-b01) (build 1.8.0_242-release-1644-b01)
# Java VM: OpenJDK 64-Bit Server VM (25.242-b01 mixed mode windows-amd64 compressed oops)
Heap:
 PSYoungGen      total 395776K, used 50259K [0x00000000e0000000, 0x00000000f9f80000, 0x0000000100000000)
  eden space 375296K, 13% used [0x00000000e0000000,0x00000000e3114d38,0x00000000f6e80000)
  from space 20480K, 0% used [0x00000000f8b80000,0x00000000f8b80000,0x00000000f9f80000)
  to   space 23552K, 0% used [0x00000000f7180000,0x00000000f7180000,0x00000000f8880000)
 ParOldGen       total 165888K, used 34024K [0x00000000a0000000, 0x00000000aa200000, 0x00000000e0000000)
  object space 165888K, 20% used [0x00000000a0000000,0x00000000a213a3f8,0x00000000aa200000)
 Metaspace       used 59248K, capacity 61456K, committed 61736K, reserved 1101824K
  class space    used 8117K, capacity 8670K, committed 8744K, reserved 1048576K
GC Heap History (10 events):
Event: 9.561 GC heap before
{Heap before GC invocations=7 (full 1):
 PSYoungGen      total 140800K, used 55595K [0x00000000e0000000, 0x00000000f0200000, 0x0000000100000000)
  eden space 130048K, 34% used [0x00000000e0000000,0x00000000e2bcea50,0x00000000e7f00000)
  from space 10752K, 99% used [0x00000000e7f00000,0x00000000e897c498,0x00000000e8980000)
  to   space 15360K, 0% used [0x00000000ef300000,0x00000000ef300000,0x00000000f0200000)
 ParOldGen       total 84992K, used 9723K [0x00000000a0000000, 0x00000000a5300000, 0x00000000e0000000)
  object space 84992K, 11% used [0x00000000a0000000,0x00000000a097eed8,0x00000000a5300000)
 Metaspace       used 34453K, capacity 35394K, committed 35496K, reserved 1079296K
  class space    used 4686K, capacity 4944K, committed 5032K, reserved 1048576K
Event: 9.578 GC heap after
Heap after GC invocations=7 (full 1):
 PSYoungGen      total 238592K, used 9670K [0x00000000e0000000, 0x00000000efc80000, 0x0000000100000000)
  eden space 228864K, 0% used [0x00000000e0000000,0x00000000e0000000,0x00000000edf80000)
  from space 9728K, 99% used [0x00000000ef300000,0x00000000efc71ac8,0x00000000efc80000)
  to   space 14336K, 0% used [0x00000000ee080000,0x00000000ee080000,0x00000000eee80000)
 ParOldGen       total 84992K, used 9731K [0x00000000a0000000, 0x00000000a5300000, 0x00000000e0000000)
  object space 84992K, 11% used [0x00000000a0000000,0x00000000a0980ed8,0x00000000a5300000)
 Metaspace       used 34453K, capacity 35394K, committed 35496K, reserved 1079296K
  class space    used 4686K, capacity 4944K, committed 5032K, reserved 1048576K
}
Event: 9.578 GC heap before
{Heap before GC invocations=8 (full 2):
 PSYoungGen      total 238592K, used 9670K [0x00000000e0000000, 0x00000000efc80000, 0x0000000100000000)
  eden space 228864K, 0% used [0x00000000e0000000,0x00000000e0000000,0x00000000edf80000)
  from space 9728K, 99% used [0x00000000ef300000,0x00000000efc71ac8,0x00000000efc80000)
  to   space 14336K, 0% used [0x00000000ee080000,0x00000000ee080000,0x00000000eee80000)
 ParOldGen       total 84992K, used 9731K [0x00000000a0000000, 0x00000000a5300000, 0x00000000e0000000)
  object space 84992K, 11% used [0x00000000a0000000,0x00000000a0980ed8,0x00000000a5300000)
 Metaspace       used 34453K, capacity 35394K, committed 35496K, reserved 1079296K
  class space    used 4686K, capacity 4944K, committed 5032K, reserved 1048576K
Event: 9.681 GC heap after
Heap after GC invocations=8 (full 2):
 PSYoungGen      total 238592K, used 0K [0x00000000e0000000, 0x00000000efc80000, 0x0000000100000000)
  eden space 228864K, 0% used [0x00000000e0000000,0x00000000e0000000,0x00000000edf80000)
  from space 9728K, 0% used [0x00000000ef300000,0x00000000ef300000,0x00000000efc80000)
  to   space 14336K, 0% used [0x00000000ee080000,0x00000000ee080000,0x00000000eee80000)
 ParOldGen       total 116224K, used 16645K [0x00000000a0000000, 0x00000000a7180000, 0x00000000e0000000)
  object space 116224K, 14% used [0x00000000a0000000,0x00000000a1041458,0x00000000a7180000)
 Metaspace       used 34453K, capacity 35394K, committed 35496K, reserved 1079296K
  class space    used 4686K, capacity 4944K, committed 5032K, reserved 1048576K
}
Event: 14.381 GC heap before
{Heap before GC invocations=9 (full 2):
 PSYoungGen      total 238592K, used 228864K [0x00000000e0000000, 0x00000000efc80000, 0x0000000100000000)
  eden space 228864K, 100% used [0x00000000e0000000,0x00000000edf80000,0x00000000edf80000)
  from space 9728K, 0% used [0x00000000ef300000,0x00000000ef300000,0x00000000efc80000)
  to   space 14336K, 0% used [0x00000000ee080000,0x00000000ee080000,0x00000000eee80000)
 ParOldGen       total 116224K, used 16645K [0x00000000a0000000, 0x00000000a7180000, 0x00000000e0000000)
  object space 116224K, 14% used [0x00000000a0000000,0x00000000a1041458,0x00000000a7180000)
 Metaspace       used 50506K, capacity 52312K, committed 52648K, reserved 1095680K
  class space    used 6773K, capacity 7228K, committed 7336K, reserved 1048576K
Event: 14.430 GC heap after
Heap after GC invocations=9 (full 2):
 PSYoungGen      total 244224K, used 14310K [0x00000000e0000000, 0x00000000fa000000, 0x0000000100000000)
  eden space 229888K, 0% used [0x00000000e0000000,0x00000000e0000000,0x00000000ee080000)
  from space 14336K, 99% used [0x00000000ee080000,0x00000000eee79ae8,0x00000000eee80000)
  to   space 20992K, 0% used [0x00000000f8b80000,0x00000000f8b80000,0x00000000fa000000)
 ParOldGen       total 116224K, used 25987K [0x00000000a0000000, 0x00000000a7180000, 0x00000000e0000000)
  object space 116224K, 22% used [0x00000000a0000000,0x00000000a1960cb0,0x00000000a7180000)
 Metaspace       used 50506K, capacity 52312K, committed 52648K, reserved 1095680K
  class space    used 6773K, capacity 7228K, committed 7336K, reserved 1048576K
}
Event: 16.542 GC heap before
{Heap before GC invocations=10 (full 2):
 PSYoungGen      total 244224K, used 94317K [0x00000000e0000000, 0x00000000fa000000, 0x0000000100000000)
  eden space 229888K, 34% used [0x00000000e0000000,0x00000000e4e21a10,0x00000000ee080000)
  from space 14336K, 99% used [0x00000000ee080000,0x00000000eee79ae8,0x00000000eee80000)
  to   space 20992K, 0% used [0x00000000f8b80000,0x00000000f8b80000,0x00000000fa000000)
 ParOldGen       total 116224K, used 25987K [0x00000000a0000000, 0x00000000a7180000, 0x00000000e0000000)
  object space 116224K, 22% used [0x00000000a0000000,0x00000000a1960cb0,0x00000000a7180000)
 Metaspace       used 56916K, capacity 59088K, committed 59160K, reserved 1099776K
  class space    used 7785K, capacity 8290K, committed 8360K, reserved 1048576K
Event: 16.567 GC heap after
Heap after GC invocations=10 (full 2):
 PSYoungGen      total 395776K, used 20347K [0x00000000e0000000, 0x00000000f9f80000, 0x0000000100000000)
  eden space 375296K, 0% used [0x00000000e0000000,0x00000000e0000000,0x00000000f6e80000)
  from space 20480K, 99% used [0x00000000f8b80000,0x00000000f9f5ecd8,0x00000000f9f80000)
  to   space 23552K, 0% used [0x00000000f7180000,0x00000000f7180000,0x00000000f8880000)
 ParOldGen       total 116224K, used 25995K [0x00000000a0000000, 0x00000000a7180000, 0x00000000e0000000)
  object space 116224K, 22% used [0x00000000a0000000,0x00000000a1962cb0,0x00000000a7180000)
 Metaspace       used 56916K, capacity 59088K, committed 59160K, reserved 1099776K
  class space    used 7785K, capacity 8290K, committed 8360K, reserved 1048576K
}
Event: 16.567 GC heap before
{Heap before GC invocations=11 (full 3):
 PSYoungGen      total 395776K, used 20347K [0x00000000e0000000, 0x00000000f9f80000, 0x0000000100000000)
  eden space 375296K, 0% used [0x00000000e0000000,0x00000000e0000000,0x00000000f6e80000)
  from space 20480K, 99% used [0x00000000f8b80000,0x00000000f9f5ecd8,0x00000000f9f80000)
  to   space 23552K, 0% used [0x00000000f7180000,0x00000000f7180000,0x00000000f8880000)
 ParOldGen       total 116224K, used 25995K [0x00000000a0000000, 0x00000000a7180000, 0x00000000e0000000)
  object space 116224K, 22% used [0x00000000a0000000,0x00000000a1962cb0,0x00000000a7180000)
 Metaspace       used 56916K, capacity 59088K, committed 59160K, reserved 1099776K
  class space    used 7785K, capacity 8290K, committed 8360K, reserved 1048576K
Event: 16.978 GC heap after
Heap after GC invocations=11 (full 3):
 PSYoungGen      total 395776K, used 0K [0x00000000e0000000, 0x00000000f9f80000, 0x0000000100000000)
  eden space 375296K, 0% used [0x00000000e0000000,0x00000000e0000000,0x00000000f6e80000)
  from space 20480K, 0% used [0x00000000f8b80000,0x00000000f8b80000,0x00000000f9f80000)
  to   space 23552K, 0% used [0x00000000f7180000,0x00000000f7180000,0x00000000f8880000)
 ParOldGen       total 165888K, used 34024K [0x00000000a0000000, 0x00000000aa200000, 0x00000000e0000000)
  object space 165888K, 20% used [0x00000000a0000000,0x00000000a213a3f8,0x00000000aa200000)
 Metaspace       used 56910K, capacity 59070K, committed 59160K, reserved 1099776K
  class space    used 7784K, capacity 8287K, committed 8360K, reserved 1048576K
}

