# JRE version: OpenJDK Runtime Environment (8.0_242-b01) (build 1.8.0_242-release-1644-b01)
# Java VM: OpenJDK 64-Bit Server VM (25.242-b01 mixed mode windows-amd64 compressed oops)
Heap:
 PSYoungGen      total 208896K, used 85868K [0x00000000e0000000, 0x00000000f0c80000, 0x0000000100000000)
  eden space 190976K, 44% used [0x00000000e0000000,0x00000000e53db198,0x00000000eba80000)
  from space 17920K, 0% used [0x00000000ecd00000,0x00000000ecd00000,0x00000000ede80000)
  to   space 18944K, 0% used [0x00000000eba80000,0x00000000eba80000,0x00000000ecd00000)
 ParOldGen       total 223232K, used 31686K [0x00000000a0000000, 0x00000000ada00000, 0x00000000e0000000)
  object space 223232K, 14% used [0x00000000a0000000,0x00000000a1ef1aa8,0x00000000ada00000)
 Metaspace       used 61185K, capacity 63418K, committed 63656K, reserved 1103872K
  class space    used 8268K, capacity 8799K, committed 8872K, reserved 1048576K
GC Heap History (10 events):
Event: 12.203 GC heap before
{Heap before GC invocations=9 (full 2):
 PSYoungGen      total 120320K, used 9764K [0x00000000e0000000, 0x00000000ece00000, 0x0000000100000000)
  eden space 108544K, 0% used [0x00000000e0000000,0x00000000e0000000,0x00000000e6a00000)
  from space 11776K, 82% used [0x00000000e6a00000,0x00000000e73891c8,0x00000000e7580000)
  to   space 12288K, 0% used [0x00000000ec200000,0x00000000ec200000,0x00000000ece00000)
 ParOldGen       total 92672K, used 7545K [0x00000000a0000000, 0x00000000a5a80000, 0x00000000e0000000)
  object space 92672K, 8% used [0x00000000a0000000,0x00000000a075e448,0x00000000a5a80000)
 Metaspace       used 34516K, capacity 35388K, committed 35496K, reserved 1079296K
  class space    used 4692K, capacity 4943K, committed 5032K, reserved 1048576K
Event: 12.321 GC heap after
Heap after GC invocations=9 (full 2):
 PSYoungGen      total 120320K, used 0K [0x00000000e0000000, 0x00000000ece00000, 0x0000000100000000)
  eden space 108544K, 0% used [0x00000000e0000000,0x00000000e0000000,0x00000000e6a00000)
  from space 11776K, 0% used [0x00000000e6a00000,0x00000000e6a00000,0x00000000e7580000)
  to   space 12288K, 0% used [0x00000000ec200000,0x00000000ec200000,0x00000000ece00000)
 ParOldGen       total 150528K, used 16725K [0x00000000a0000000, 0x00000000a9300000, 0x00000000e0000000)
  object space 150528K, 11% used [0x00000000a0000000,0x00000000a1055738,0x00000000a9300000)
 Metaspace       used 34516K, capacity 35388K, committed 35496K, reserved 1079296K
  class space    used 4692K, capacity 4943K, committed 5032K, reserved 1048576K
}
Event: 14.157 GC heap before
{Heap before GC invocations=10 (full 2):
 PSYoungGen      total 120320K, used 108544K [0x00000000e0000000, 0x00000000ece00000, 0x0000000100000000)
  eden space 108544K, 100% used [0x00000000e0000000,0x00000000e6a00000,0x00000000e6a00000)
  from space 11776K, 0% used [0x00000000e6a00000,0x00000000e6a00000,0x00000000e7580000)
  to   space 12288K, 0% used [0x00000000ec200000,0x00000000ec200000,0x00000000ece00000)
 ParOldGen       total 150528K, used 16725K [0x00000000a0000000, 0x00000000a9300000, 0x00000000e0000000)
  object space 150528K, 11% used [0x00000000a0000000,0x00000000a1055738,0x00000000a9300000)
 Metaspace       used 40649K, capacity 42192K, committed 42408K, reserved 1085440K
  class space    used 5600K, capacity 5973K, committed 6056K, reserved 1048576K
Event: 14.170 GC heap after
Heap after GC invocations=10 (full 2):
 PSYoungGen      total 160256K, used 9155K [0x00000000e0000000, 0x00000000ecb00000, 0x0000000100000000)
  eden space 151040K, 0% used [0x00000000e0000000,0x00000000e0000000,0x00000000e9380000)
  from space 9216K, 99% used [0x00000000ec200000,0x00000000ecaf0dd0,0x00000000ecb00000)
  to   space 11776K, 0% used [0x00000000eb400000,0x00000000eb400000,0x00000000ebf80000)
 ParOldGen       total 150528K, used 16733K [0x00000000a0000000, 0x00000000a9300000, 0x00000000e0000000)
  object space 150528K, 11% used [0x00000000a0000000,0x00000000a1057738,0x00000000a9300000)
 Metaspace       used 40649K, capacity 42192K, committed 42408K, reserved 1085440K
  class space    used 5600K, capacity 5973K, committed 6056K, reserved 1048576K
}
Event: 17.676 GC heap before
{Heap before GC invocations=11 (full 2):
 PSYoungGen      total 160256K, used 160195K [0x00000000e0000000, 0x00000000ecb00000, 0x0000000100000000)
  eden space 151040K, 100% used [0x00000000e0000000,0x00000000e9380000,0x00000000e9380000)
  from space 9216K, 99% used [0x00000000ec200000,0x00000000ecaf0dd0,0x00000000ecb00000)
  to   space 11776K, 0% used [0x00000000eb400000,0x00000000eb400000,0x00000000ebf80000)
 ParOldGen       total 150528K, used 16733K [0x00000000a0000000, 0x00000000a9300000, 0x00000000e0000000)
  object space 150528K, 11% used [0x00000000a0000000,0x00000000a1057738,0x00000000a9300000)
 Metaspace       used 54498K, capacity 56512K, committed 56616K, reserved 1097728K
  class space    used 7413K, capacity 7906K, committed 7976K, reserved 1048576K
Event: 17.772 GC heap after
Heap after GC invocations=11 (full 2):
 PSYoungGen      total 196096K, used 11772K [0x00000000e0000000, 0x00000000ede80000, 0x0000000100000000)
  eden space 184320K, 0% used [0x00000000e0000000,0x00000000e0000000,0x00000000eb400000)
  from space 11776K, 99% used [0x00000000eb400000,0x00000000ebf7f320,0x00000000ebf80000)
  to   space 17920K, 0% used [0x00000000ecd00000,0x00000000ecd00000,0x00000000ede80000)
 ParOldGen       total 150528K, used 28880K [0x00000000a0000000, 0x00000000a9300000, 0x00000000e0000000)
  object space 150528K, 19% used [0x00000000a0000000,0x00000000a1c343e8,0x00000000a9300000)
 Metaspace       used 54498K, capacity 56512K, committed 56616K, reserved 1097728K
  class space    used 7413K, capacity 7906K, committed 7976K, reserved 1048576K
}
Event: 18.741 GC heap before
{Heap before GC invocations=12 (full 2):
 PSYoungGen      total 196096K, used 59050K [0x00000000e0000000, 0x00000000ede80000, 0x0000000100000000)
  eden space 184320K, 25% used [0x00000000e0000000,0x00000000e2e2b808,0x00000000eb400000)
  from space 11776K, 99% used [0x00000000eb400000,0x00000000ebf7f320,0x00000000ebf80000)
  to   space 17920K, 0% used [0x00000000ecd00000,0x00000000ecd00000,0x00000000ede80000)
 ParOldGen       total 150528K, used 28880K [0x00000000a0000000, 0x00000000a9300000, 0x00000000e0000000)
  object space 150528K, 19% used [0x00000000a0000000,0x00000000a1c343e8,0x00000000a9300000)
 Metaspace       used 56995K, capacity 59088K, committed 59160K, reserved 1099776K
  class space    used 7787K, capacity 8290K, committed 8360K, reserved 1048576K
Event: 18.762 GC heap after
Heap after GC invocations=12 (full 2):
 PSYoungGen      total 208896K, used 14948K [0x00000000e0000000, 0x00000000f0c80000, 0x0000000100000000)
  eden space 190976K, 0% used [0x00000000e0000000,0x00000000e0000000,0x00000000eba80000)
  from space 17920K, 83% used [0x00000000ecd00000,0x00000000edb992a0,0x00000000ede80000)
  to   space 18944K, 0% used [0x00000000eba80000,0x00000000eba80000,0x00000000ecd00000)
 ParOldGen       total 150528K, used 28888K [0x00000000a0000000, 0x00000000a9300000, 0x00000000e0000000)
  object space 150528K, 19% used [0x00000000a0000000,0x00000000a1c363e8,0x00000000a9300000)
 Metaspace       used 56995K, capacity 59088K, committed 59160K, reserved 1099776K
  class space    used 7787K, capacity 8290K, committed 8360K, reserved 1048576K
}
Event: 18.763 GC heap before
{Heap before GC invocations=13 (full 3):
 PSYoungGen      total 208896K, used 14948K [0x00000000e0000000, 0x00000000f0c80000, 0x0000000100000000)
  eden space 190976K, 0% used [0x00000000e0000000,0x00000000e0000000,0x00000000eba80000)
  from space 17920K, 83% used [0x00000000ecd00000,0x00000000edb992a0,0x00000000ede80000)
  to   space 18944K, 0% used [0x00000000eba80000,0x00000000eba80000,0x00000000ecd00000)
 ParOldGen       total 150528K, used 28888K [0x00000000a0000000, 0x00000000a9300000, 0x00000000e0000000)
  object space 150528K, 19% used [0x00000000a0000000,0x00000000a1c363e8,0x00000000a9300000)
 Metaspace       used 56995K, capacity 59088K, committed 59160K, reserved 1099776K
  class space    used 7787K, capacity 8290K, committed 8360K, reserved 1048576K
Event: 19.209 GC heap after
Heap after GC invocations=13 (full 3):
 PSYoungGen      total 208896K, used 0K [0x00000000e0000000, 0x00000000f0c80000, 0x0000000100000000)
  eden space 190976K, 0% used [0x00000000e0000000,0x00000000e0000000,0x00000000eba80000)
  from space 17920K, 0% used [0x00000000ecd00000,0x00000000ecd00000,0x00000000ede80000)
  to   space 18944K, 0% used [0x00000000eba80000,0x00000000eba80000,0x00000000ecd00000)
 ParOldGen       total 223232K, used 31686K [0x00000000a0000000, 0x00000000ada00000, 0x00000000e0000000)
  object space 223232K, 14% used [0x00000000a0000000,0x00000000a1ef1aa8,0x00000000ada00000)
 Metaspace       used 56995K, capacity 59088K, committed 59160K, reserved 1099776K
  class space    used 7787K, capacity 8290K, committed 8360K, reserved 1048576K
}

