# JRE version: OpenJDK Runtime Environment (8.0_242-b01) (build 1.8.0_242-release-1644-b01)
# Java VM: OpenJDK 64-Bit Server VM (25.242-b01 mixed mode windows-amd64 compressed oops)
Heap:
 PSYoungGen      total 75776K, used 42697K [0x00000000e0000000, 0x00000000e5480000, 0x0000000100000000)
  eden space 65024K, 65% used [0x00000000e0000000,0x00000000e29b24f8,0x00000000e3f80000)
  from space 10752K, 0% used [0x00000000e4a00000,0x00000000e4a00000,0x00000000e5480000)
  to   space 10752K, 0% used [0x00000000e3f80000,0x00000000e3f80000,0x00000000e4a00000)
 ParOldGen       total 87040K, used 7156K [0x00000000a0000000, 0x00000000a5500000, 0x00000000e0000000)
  object space 87040K, 8% used [0x00000000a0000000,0x00000000a06fd0e8,0x00000000a5500000)
 Metaspace       used 24362K, capacity 24934K, committed 25216K, reserved 1071104K
  class space    used 3416K, capacity 3613K, committed 3712K, reserved 1048576K
GC Heap History (10 events):
Event: 3.501 GC heap before
{Heap before GC invocations=1 (full 0):
 PSYoungGen      total 75776K, used 65024K [0x00000000e0000000, 0x00000000e5480000, 0x0000000100000000)
  eden space 65024K, 100% used [0x00000000e0000000,0x00000000e3f80000,0x00000000e3f80000)
  from space 10752K, 0% used [0x00000000e4a00000,0x00000000e4a00000,0x00000000e5480000)
  to   space 10752K, 0% used [0x00000000e3f80000,0x00000000e3f80000,0x00000000e4a00000)
 ParOldGen       total 173568K, used 0K [0x00000000a0000000, 0x00000000aa980000, 0x00000000e0000000)
  object space 173568K, 0% used [0x00000000a0000000,0x00000000a0000000,0x00000000aa980000)
 Metaspace       used 7394K, capacity 7578K, committed 7680K, reserved 1056768K
  class space    used 900K, capacity 970K, committed 1024K, reserved 1048576K
Event: 3.513 GC heap after
Heap after GC invocations=1 (full 0):
 PSYoungGen      total 75776K, used 5580K [0x00000000e0000000, 0x00000000e5480000, 0x0000000100000000)
  eden space 65024K, 0% used [0x00000000e0000000,0x00000000e0000000,0x00000000e3f80000)
  from space 10752K, 51% used [0x00000000e3f80000,0x00000000e44f31f0,0x00000000e4a00000)
  to   space 10752K, 0% used [0x00000000e4a00000,0x00000000e4a00000,0x00000000e5480000)
 ParOldGen       total 173568K, used 8K [0x00000000a0000000, 0x00000000aa980000, 0x00000000e0000000)
  object space 173568K, 0% used [0x00000000a0000000,0x00000000a0002000,0x00000000aa980000)
 Metaspace       used 7394K, capacity 7578K, committed 7680K, reserved 1056768K
  class space    used 900K, capacity 970K, committed 1024K, reserved 1048576K
}
Event: 11.461 GC heap before
{Heap before GC invocations=2 (full 0):
 PSYoungGen      total 75776K, used 70604K [0x00000000e0000000, 0x00000000e5480000, 0x0000000100000000)
  eden space 65024K, 100% used [0x00000000e0000000,0x00000000e3f80000,0x00000000e3f80000)
  from space 10752K, 51% used [0x00000000e3f80000,0x00000000e44f31f0,0x00000000e4a00000)
  to   space 10752K, 0% used [0x00000000e4a00000,0x00000000e4a00000,0x00000000e5480000)
 ParOldGen       total 173568K, used 8K [0x00000000a0000000, 0x00000000aa980000, 0x00000000e0000000)
  object space 173568K, 0% used [0x00000000a0000000,0x00000000a0002000,0x00000000aa980000)
 Metaspace       used 14792K, capacity 15184K, committed 15488K, reserved 1062912K
  class space    used 1952K, capacity 2080K, committed 2176K, reserved 1048576K
Event: 11.475 GC heap after
Heap after GC invocations=2 (full 0):
 PSYoungGen      total 75776K, used 9141K [0x00000000e0000000, 0x00000000e5480000, 0x0000000100000000)
  eden space 65024K, 0% used [0x00000000e0000000,0x00000000e0000000,0x00000000e3f80000)
  from space 10752K, 85% used [0x00000000e4a00000,0x00000000e52ed678,0x00000000e5480000)
  to   space 10752K, 0% used [0x00000000e3f80000,0x00000000e3f80000,0x00000000e4a00000)
 ParOldGen       total 173568K, used 24K [0x00000000a0000000, 0x00000000aa980000, 0x00000000e0000000)
  object space 173568K, 0% used [0x00000000a0000000,0x00000000a0006000,0x00000000aa980000)
 Metaspace       used 14792K, capacity 15184K, committed 15488K, reserved 1062912K
  class space    used 1952K, capacity 2080K, committed 2176K, reserved 1048576K
}
Event: 13.223 GC heap before
{Heap before GC invocations=3 (full 0):
 PSYoungGen      total 75776K, used 74165K [0x00000000e0000000, 0x00000000e5480000, 0x0000000100000000)
  eden space 65024K, 100% used [0x00000000e0000000,0x00000000e3f80000,0x00000000e3f80000)
  from space 10752K, 85% used [0x00000000e4a00000,0x00000000e52ed678,0x00000000e5480000)
  to   space 10752K, 0% used [0x00000000e3f80000,0x00000000e3f80000,0x00000000e4a00000)
 ParOldGen       total 173568K, used 24K [0x00000000a0000000, 0x00000000aa980000, 0x00000000e0000000)
  object space 173568K, 0% used [0x00000000a0000000,0x00000000a0006000,0x00000000aa980000)
 Metaspace       used 20011K, capacity 20534K, committed 20736K, reserved 1067008K
  class space    used 2794K, capacity 2959K, committed 3072K, reserved 1048576K
Event: 13.236 GC heap after
Heap after GC invocations=3 (full 0):
 PSYoungGen      total 75776K, used 10720K [0x00000000e0000000, 0x00000000e5480000, 0x0000000100000000)
  eden space 65024K, 0% used [0x00000000e0000000,0x00000000e0000000,0x00000000e3f80000)
  from space 10752K, 99% used [0x00000000e3f80000,0x00000000e49f8138,0x00000000e4a00000)
  to   space 10752K, 0% used [0x00000000e4a00000,0x00000000e4a00000,0x00000000e5480000)
 ParOldGen       total 173568K, used 800K [0x00000000a0000000, 0x00000000aa980000, 0x00000000e0000000)
  object space 173568K, 0% used [0x00000000a0000000,0x00000000a00c81a0,0x00000000aa980000)
 Metaspace       used 20011K, capacity 20534K, committed 20736K, reserved 1067008K
  class space    used 2794K, capacity 2959K, committed 3072K, reserved 1048576K
}
Event: 13.376 GC heap before
{Heap before GC invocations=4 (full 0):
 PSYoungGen      total 75776K, used 20923K [0x00000000e0000000, 0x00000000e5480000, 0x0000000100000000)
  eden space 65024K, 15% used [0x00000000e0000000,0x00000000e09f6c80,0x00000000e3f80000)
  from space 10752K, 99% used [0x00000000e3f80000,0x00000000e49f8138,0x00000000e4a00000)
  to   space 10752K, 0% used [0x00000000e4a00000,0x00000000e4a00000,0x00000000e5480000)
 ParOldGen       total 173568K, used 800K [0x00000000a0000000, 0x00000000aa980000, 0x00000000e0000000)
  object space 173568K, 0% used [0x00000000a0000000,0x00000000a00c81a0,0x00000000aa980000)
 Metaspace       used 20619K, capacity 21142K, committed 21248K, reserved 1067008K
  class space    used 2893K, capacity 3055K, committed 3072K, reserved 1048576K
Event: 13.382 GC heap after
Heap after GC invocations=4 (full 0):
 PSYoungGen      total 75776K, used 7292K [0x00000000e0000000, 0x00000000e5480000, 0x0000000100000000)
  eden space 65024K, 0% used [0x00000000e0000000,0x00000000e0000000,0x00000000e3f80000)
  from space 10752K, 67% used [0x00000000e4a00000,0x00000000e511f3f8,0x00000000e5480000)
  to   space 10752K, 0% used [0x00000000e3f80000,0x00000000e3f80000,0x00000000e4a00000)
 ParOldGen       total 173568K, used 808K [0x00000000a0000000, 0x00000000aa980000, 0x00000000e0000000)
  object space 173568K, 0% used [0x00000000a0000000,0x00000000a00ca1a0,0x00000000aa980000)
 Metaspace       used 20619K, capacity 21142K, committed 21248K, reserved 1067008K
  class space    used 2893K, capacity 3055K, committed 3072K, reserved 1048576K
}
Event: 13.382 GC heap before
{Heap before GC invocations=5 (full 1):
 PSYoungGen      total 75776K, used 7292K [0x00000000e0000000, 0x00000000e5480000, 0x0000000100000000)
  eden space 65024K, 0% used [0x00000000e0000000,0x00000000e0000000,0x00000000e3f80000)
  from space 10752K, 67% used [0x00000000e4a00000,0x00000000e511f3f8,0x00000000e5480000)
  to   space 10752K, 0% used [0x00000000e3f80000,0x00000000e3f80000,0x00000000e4a00000)
 ParOldGen       total 173568K, used 808K [0x00000000a0000000, 0x00000000aa980000, 0x00000000e0000000)
  object space 173568K, 0% used [0x00000000a0000000,0x00000000a00ca1a0,0x00000000aa980000)
 Metaspace       used 20619K, capacity 21142K, committed 21248K, reserved 1067008K
  class space    used 2893K, capacity 3055K, committed 3072K, reserved 1048576K
Event: 13.432 GC heap after
Heap after GC invocations=5 (full 1):
 PSYoungGen      total 75776K, used 0K [0x00000000e0000000, 0x00000000e5480000, 0x0000000100000000)
  eden space 65024K, 0% used [0x00000000e0000000,0x00000000e0000000,0x00000000e3f80000)
  from space 10752K, 0% used [0x00000000e4a00000,0x00000000e4a00000,0x00000000e5480000)
  to   space 10752K, 0% used [0x00000000e3f80000,0x00000000e3f80000,0x00000000e4a00000)
 ParOldGen       total 87040K, used 7156K [0x00000000a0000000, 0x00000000a5500000, 0x00000000e0000000)
  object space 87040K, 8% used [0x00000000a0000000,0x00000000a06fd0e8,0x00000000a5500000)
 Metaspace       used 20619K, capacity 21142K, committed 21248K, reserved 1067008K
  class space    used 2893K, capacity 3055K, committed 3072K, reserved 1048576K
}

