# JRE version: OpenJDK Runtime Environment (8.0_152-b01) (build 1.8.0_152-release-1343-b01)
# Java VM: OpenJDK 64-Bit Server VM (25.152-b01 mixed mode windows-amd64 compressed oops)
Heap:
 PSYoungGen      total 183808K, used 40605K [0x00000000e0000000, 0x00000000ef380000, 0x0000000100000000)
  eden space 168448K, 24% used [0x00000000e0000000,0x00000000e27a7528,0x00000000ea480000)
  from space 15360K, 0% used [0x00000000ea480000,0x00000000ea480000,0x00000000eb380000)
  to   space 14848K, 0% used [0x00000000ee500000,0x00000000ee500000,0x00000000ef380000)
 ParOldGen       total 88576K, used 29972K [0x00000000a0000000, 0x00000000a5680000, 0x00000000e0000000)
  object space 88576K, 33% used [0x00000000a0000000,0x00000000a1d45160,0x00000000a5680000)
 Metaspace       used 59521K, capacity 61374K, committed 61608K, reserved 1101824K
  class space    used 8079K, capacity 8489K, committed 8616K, reserved 1048576K
GC Heap History (10 events):
Event: 5.817 GC heap before
{Heap before GC invocations=12 (full 2):
 PSYoungGen      total 144896K, used 6864K [0x00000000e0000000, 0x00000000ebe00000, 0x0000000100000000)
  eden space 132608K, 0% used [0x00000000e0000000,0x00000000e0000000,0x00000000e8180000)
  from space 12288K, 55% used [0x00000000e8d00000,0x00000000e93b4258,0x00000000e9900000)
  to   space 11776K, 0% used [0x00000000e8180000,0x00000000e8180000,0x00000000e8d00000)
 ParOldGen       total 38912K, used 16367K [0x00000000a0000000, 0x00000000a2600000, 0x00000000e0000000)
  object space 38912K, 42% used [0x00000000a0000000,0x00000000a0ffbfd0,0x00000000a2600000)
 Metaspace       used 34593K, capacity 35472K, committed 35496K, reserved 1079296K
  class space    used 4775K, capacity 5018K, committed 5032K, reserved 1048576K
Event: 5.874 GC heap after
Heap after GC invocations=12 (full 2):
 PSYoungGen      total 144896K, used 0K [0x00000000e0000000, 0x00000000ebe00000, 0x0000000100000000)
  eden space 132608K, 0% used [0x00000000e0000000,0x00000000e0000000,0x00000000e8180000)
  from space 12288K, 0% used [0x00000000e8d00000,0x00000000e8d00000,0x00000000e9900000)
  to   space 11776K, 0% used [0x00000000e8180000,0x00000000e8180000,0x00000000e8d00000)
 ParOldGen       total 57856K, used 16741K [0x00000000a0000000, 0x00000000a3880000, 0x00000000e0000000)
  object space 57856K, 28% used [0x00000000a0000000,0x00000000a10594d8,0x00000000a3880000)
 Metaspace       used 34588K, capacity 35454K, committed 35496K, reserved 1079296K
  class space    used 4773K, capacity 5015K, committed 5032K, reserved 1048576K
}
Event: 7.693 GC heap before
{Heap before GC invocations=13 (full 2):
 PSYoungGen      total 144896K, used 132608K [0x00000000e0000000, 0x00000000ebe00000, 0x0000000100000000)
  eden space 132608K, 100% used [0x00000000e0000000,0x00000000e8180000,0x00000000e8180000)
  from space 12288K, 0% used [0x00000000e8d00000,0x00000000e8d00000,0x00000000e9900000)
  to   space 11776K, 0% used [0x00000000e8180000,0x00000000e8180000,0x00000000e8d00000)
 ParOldGen       total 57856K, used 16741K [0x00000000a0000000, 0x00000000a3880000, 0x00000000e0000000)
  object space 57856K, 28% used [0x00000000a0000000,0x00000000a10594d8,0x00000000a3880000)
 Metaspace       used 48274K, capacity 49426K, committed 49576K, reserved 1091584K
  class space    used 6470K, capacity 6765K, committed 6824K, reserved 1048576K
Event: 7.707 GC heap after
Heap after GC invocations=13 (full 2):
 PSYoungGen      total 144384K, used 11764K [0x00000000e0000000, 0x00000000ec280000, 0x0000000100000000)
  eden space 132608K, 0% used [0x00000000e0000000,0x00000000e0000000,0x00000000e8180000)
  from space 11776K, 99% used [0x00000000e8180000,0x00000000e8cfd170,0x00000000e8d00000)
  to   space 15360K, 0% used [0x00000000eb380000,0x00000000eb380000,0x00000000ec280000)
 ParOldGen       total 57856K, used 22077K [0x00000000a0000000, 0x00000000a3880000, 0x00000000e0000000)
  object space 57856K, 38% used [0x00000000a0000000,0x00000000a158f608,0x00000000a3880000)
 Metaspace       used 48274K, capacity 49426K, committed 49576K, reserved 1091584K
  class space    used 6470K, capacity 6765K, committed 6824K, reserved 1048576K
}
Event: 8.935 GC heap before
{Heap before GC invocations=14 (full 2):
 PSYoungGen      total 144384K, used 144372K [0x00000000e0000000, 0x00000000ec280000, 0x0000000100000000)
  eden space 132608K, 100% used [0x00000000e0000000,0x00000000e8180000,0x00000000e8180000)
  from space 11776K, 99% used [0x00000000e8180000,0x00000000e8cfd170,0x00000000e8d00000)
  to   space 15360K, 0% used [0x00000000eb380000,0x00000000eb380000,0x00000000ec280000)
 ParOldGen       total 57856K, used 22077K [0x00000000a0000000, 0x00000000a3880000, 0x00000000e0000000)
  object space 57856K, 38% used [0x00000000a0000000,0x00000000a158f608,0x00000000a3880000)
 Metaspace       used 55038K, capacity 56488K, committed 56744K, reserved 1097728K
  class space    used 7373K, capacity 7722K, committed 7848K, reserved 1048576K
Event: 8.952 GC heap after
Heap after GC invocations=14 (full 2):
 PSYoungGen      total 183808K, used 9232K [0x00000000e0000000, 0x00000000ec300000, 0x0000000100000000)
  eden space 168448K, 0% used [0x00000000e0000000,0x00000000e0000000,0x00000000ea480000)
  from space 15360K, 60% used [0x00000000eb380000,0x00000000ebc84008,0x00000000ec280000)
  to   space 15360K, 0% used [0x00000000ea480000,0x00000000ea480000,0x00000000eb380000)
 ParOldGen       total 57856K, used 30340K [0x00000000a0000000, 0x00000000a3880000, 0x00000000e0000000)
  object space 57856K, 52% used [0x00000000a0000000,0x00000000a1da13c8,0x00000000a3880000)
 Metaspace       used 55038K, capacity 56488K, committed 56744K, reserved 1097728K
  class space    used 7373K, capacity 7722K, committed 7848K, reserved 1048576K
}
Event: 9.257 GC heap before
{Heap before GC invocations=15 (full 2):
 PSYoungGen      total 183808K, used 41197K [0x00000000e0000000, 0x00000000ec300000, 0x0000000100000000)
  eden space 168448K, 18% used [0x00000000e0000000,0x00000000e1f37748,0x00000000ea480000)
  from space 15360K, 60% used [0x00000000eb380000,0x00000000ebc84008,0x00000000ec280000)
  to   space 15360K, 0% used [0x00000000ea480000,0x00000000ea480000,0x00000000eb380000)
 ParOldGen       total 57856K, used 30340K [0x00000000a0000000, 0x00000000a3880000, 0x00000000e0000000)
  object space 57856K, 52% used [0x00000000a0000000,0x00000000a1da13c8,0x00000000a3880000)
 Metaspace       used 57432K, capacity 59072K, committed 59160K, reserved 1099776K
  class space    used 7725K, capacity 8092K, committed 8104K, reserved 1048576K
Event: 9.265 GC heap after
Heap after GC invocations=15 (full 2):
 PSYoungGen      total 183808K, used 6411K [0x00000000e0000000, 0x00000000ef380000, 0x0000000100000000)
  eden space 168448K, 0% used [0x00000000e0000000,0x00000000e0000000,0x00000000ea480000)
  from space 15360K, 41% used [0x00000000ea480000,0x00000000eaac2d08,0x00000000eb380000)
  to   space 14848K, 0% used [0x00000000ee500000,0x00000000ee500000,0x00000000ef380000)
 ParOldGen       total 57856K, used 30348K [0x00000000a0000000, 0x00000000a3880000, 0x00000000e0000000)
  object space 57856K, 52% used [0x00000000a0000000,0x00000000a1da33c8,0x00000000a3880000)
 Metaspace       used 57432K, capacity 59072K, committed 59160K, reserved 1099776K
  class space    used 7725K, capacity 8092K, committed 8104K, reserved 1048576K
}
Event: 9.265 GC heap before
{Heap before GC invocations=16 (full 3):
 PSYoungGen      total 183808K, used 6411K [0x00000000e0000000, 0x00000000ef380000, 0x0000000100000000)
  eden space 168448K, 0% used [0x00000000e0000000,0x00000000e0000000,0x00000000ea480000)
  from space 15360K, 41% used [0x00000000ea480000,0x00000000eaac2d08,0x00000000eb380000)
  to   space 14848K, 0% used [0x00000000ee500000,0x00000000ee500000,0x00000000ef380000)
 ParOldGen       total 57856K, used 30348K [0x00000000a0000000, 0x00000000a3880000, 0x00000000e0000000)
  object space 57856K, 52% used [0x00000000a0000000,0x00000000a1da33c8,0x00000000a3880000)
 Metaspace       used 57432K, capacity 59072K, committed 59160K, reserved 1099776K
  class space    used 7725K, capacity 8092K, committed 8104K, reserved 1048576K
Event: 9.455 GC heap after
Heap after GC invocations=16 (full 3):
 PSYoungGen      total 183808K, used 0K [0x00000000e0000000, 0x00000000ef380000, 0x0000000100000000)
  eden space 168448K, 0% used [0x00000000e0000000,0x00000000e0000000,0x00000000ea480000)
  from space 15360K, 0% used [0x00000000ea480000,0x00000000ea480000,0x00000000eb380000)
  to   space 14848K, 0% used [0x00000000ee500000,0x00000000ee500000,0x00000000ef380000)
 ParOldGen       total 88576K, used 29972K [0x00000000a0000000, 0x00000000a5680000, 0x00000000e0000000)
  object space 88576K, 33% used [0x00000000a0000000,0x00000000a1d45160,0x00000000a5680000)
 Metaspace       used 57432K, capacity 59072K, committed 59160K, reserved 1099776K
  class space    used 7725K, capacity 8092K, committed 8104K, reserved 1048576K
}

